<?xml version="1.0" encoding="UTF-8"?>
<testsuite xmlns:xsi="http://www.w3.org/2001/XMLSchema-instance" xsi:noNamespaceSchemaLocation="https://maven.apache.org/surefire/maven-surefire-plugin/xsd/surefire-test-report.xsd" version="3.0.2" name="com.stockpredictor.controller.PredictionControllerIntegrationTest" time="15.258" tests="9" errors="0" skipped="0" failures="0">
  <properties>
[...]
</properties>
  <testcase name="testSMAPredictionEndpoint" classname="com.stockpredictor.controller.PredictionControllerIntegrationTest" time="1.0">
    <system-out><![CDATA[19:44:21.072 [main] INFO org.springframework.test.context.support.AnnotationConfigContextLoaderUtils -- Could not detect default configuration classes for test class [com.stockpredictor.controller.PredictionControllerIntegrationTest]: PredictionControllerIntegrationTest does not declare any static, non-private, non-final, nested classes annotated with @Configuration.
19:44:21.465 [main] INFO org.springframework.boot.test.context.SpringBootTestContextBootstrapper -- Found @SpringBootConfiguration com.stockpredictor.StockPredictorApplication for test class com.stockpredictor.controller.PredictionControllerIntegrationTest

  .   ____          _            __ _ _
 /\\ / ___'_ __ _ _(_)_ __  __ _ \ \ \ \
( ( )\___ | '_ | '_| | '_ \/ _` | \ \ \ \
 \\/  ___)| |_)| | | | | || (_| |  ) ) ) )
  '  |____| .__|_| |_|_| |_\__, | / / / /
 =========|_|==============|___/=/_/_/_/

 :: Spring Boot ::                (v3.4.4)

2026-04-20T19:44:22.565+01:00  INFO 22244 --- [stock-predictor] [           main] .s.c.PredictionControllerIntegrationTest : Starting PredictionControllerIntegrationTest using Java 21.0.9 with PID 22244 (started by wever in C:\Users\wever\architecture\TUS_STP_CBD_SEM2_4_2026)
2026-04-20T19:44:22.567+01:00  INFO 22244 --- [stock-predictor] [           main] .s.c.PredictionControllerIntegrationTest : The following 1 profile is active: "test"
2026-04-20T19:44:24.734+01:00  INFO 22244 --- [stock-predictor] [           main] .s.d.r.c.RepositoryConfigurationDelegate : Bootstrapping Spring Data JPA repositories in DEFAULT mode.
2026-04-20T19:44:24.901+01:00  INFO 22244 --- [stock-predictor] [           main] .s.d.r.c.RepositoryConfigurationDelegate : Finished Spring Data repository scanning in 145 ms. Found 1 JPA repository interface.
2026-04-20T19:44:26.178+01:00  INFO 22244 --- [stock-predictor] [           main] o.hibernate.jpa.internal.util.LogHelper  : HHH000204: Processing PersistenceUnitInfo [name: default]
2026-04-20T19:44:26.291+01:00  INFO 22244 --- [stock-predictor] [           main] org.hibernate.Version                    : HHH000412: Hibernate ORM core version 6.6.11.Final
2026-04-20T19:44:26.368+01:00  INFO 22244 --- [stock-predictor] [           main] o.h.c.internal.RegionFactoryInitiator    : HHH000026: Second-level cache disabled
2026-04-20T19:44:26.936+01:00  INFO 22244 --- [stock-predictor] [           main] o.s.o.j.p.SpringPersistenceUnitInfo      : No LoadTimeWeaver setup: ignoring JPA class transformer
2026-04-20T19:44:27.032+01:00  INFO 22244 --- [stock-predictor] [           main] com.zaxxer.hikari.HikariDataSource       : HikariPool-1 - Starting...
2026-04-20T19:44:27.574+01:00  INFO 22244 --- [stock-predictor] [           main] com.zaxxer.hikari.pool.HikariPool        : HikariPool-1 - Added connection conn0: url=jdbc:h2:mem:stockdb user=SA
2026-04-20T19:44:27.577+01:00  INFO 22244 --- [stock-predictor] [           main] com.zaxxer.hikari.HikariDataSource       : HikariPool-1 - Start completed.
2026-04-20T19:44:27.638+01:00  WARN 22244 --- [stock-predictor] [           main] org.hibernate.orm.deprecation            : HHH90000025: H2Dialect does not need to be specified explicitly using 'hibernate.dialect' (remove the property setting and it will be selected by default)
2026-04-20T19:44:27.725+01:00  INFO 22244 --- [stock-predictor] [           main] org.hibernate.orm.connections.pooling    : HHH10001005: Database info:
	Database JDBC URL [Connecting through datasource 'HikariDataSource (HikariPool-1)']
	Database driver: undefined/unknown
	Database version: 2.3.232
	Autocommit mode: undefined/unknown
	Isolation level: undefined/unknown
	Minimum pool size: undefined/unknown
	Maximum pool size: undefined/unknown
2026-04-20T19:44:29.382+01:00  INFO 22244 --- [stock-predictor] [           main] o.h.e.t.j.p.i.JtaPlatformInitiator       : HHH000489: No JTA platform available (set 'hibernate.transaction.jta.platform' to enable JTA platform integration)
2026-04-20T19:44:29.495+01:00  INFO 22244 --- [stock-predictor] [           main] j.LocalContainerEntityManagerFactoryBean : Initialized JPA EntityManagerFactory for persistence unit 'default'
2026-04-20T19:44:30.122+01:00  INFO 22244 --- [stock-predictor] [           main] o.s.d.j.r.query.QueryEnhancerFactory     : Hibernate is in classpath; If applicable, HQL parser will be used.
2026-04-20T19:44:31.959+01:00  WARN 22244 --- [stock-predictor] [           main] JpaBaseConfiguration$JpaWebConfiguration : spring.jpa.open-in-view is enabled by default. Therefore, database queries may be performed during view rendering. Explicitly configure spring.jpa.open-in-view to disable this warning
2026-04-20T19:44:33.600+01:00  INFO 22244 --- [stock-predictor] [           main] o.s.b.a.h2.H2ConsoleAutoConfiguration    : H2 console available at '/h2-console'. Database available at 'jdbc:h2:mem:stockdb'
2026-04-20T19:44:33.690+01:00  INFO 22244 --- [stock-predictor] [           main] o.s.b.t.m.w.SpringBootMockServletContext : Initializing Spring TestDispatcherServlet ''
2026-04-20T19:44:33.690+01:00  INFO 22244 --- [stock-predictor] [           main] o.s.t.web.servlet.TestDispatcherServlet  : Initializing Servlet ''
2026-04-20T19:44:33.705+01:00  INFO 22244 --- [stock-predictor] [           main] o.s.b.a.e.web.EndpointLinksResolver      : Exposing 3 endpoints beneath base path '/actuator'
2026-04-20T19:44:33.734+01:00  INFO 22244 --- [stock-predictor] [           main] o.s.t.web.servlet.TestDispatcherServlet  : Completed initialization in 43 ms
2026-04-20T19:44:33.921+01:00  INFO 22244 --- [stock-predictor] [           main] .s.c.PredictionControllerIntegrationTest : Started PredictionControllerIntegrationTest in 12.103 seconds (process running for 14.713)
2026-04-20T19:44:34.277+01:00  INFO 22244 --- [stock-predictor] [           main] c.stockpredictor.config.DataInitializer  : Seeding sample stock data...
2026-04-20T19:44:34.555+01:00  INFO 22244 --- [stock-predictor] [           main] c.stockpredictor.config.DataInitializer  : Sample data seeded successfully.
]]></system-out>
    <system-err><![CDATA[Mockito is currently self-attaching to enable the inline-mock-maker. This will no longer work in future releases of the JDK. Please add Mockito as an agent to your build what is described in Mockito's documentation: https://javadoc.io/doc/org.mockito/mockito-core/latest/org/mockito/Mockito.html#0.3
WARNING: A Java agent has been loaded dynamically (C:\Users\wever\.m2\repository\net\bytebuddy\byte-buddy-agent\1.15.11\byte-buddy-agent-1.15.11.jar)
WARNING: If a serviceability tool is in use, please run with -XX:+EnableDynamicAgentLoading to hide this warning
WARNING: If a serviceability tool is not in use, please run with -Djdk.instrument.traceUsage for more information
WARNING: Dynamic loading of agents will be disallowed by default in a future release
]]></system-err>
  </testcase>
  <testcase name="testGetStockHistory" classname="com.stockpredictor.controller.PredictionControllerIntegrationTest" time="0.048">
    <system-out><![CDATA[2026-04-20T19:44:35.578+01:00  INFO 22244 --- [stock-predictor] [           main] c.s.service.StockPriceService            : Fetching all prices for ticker: AAPL
]]></system-out>
  </testcase>
  <testcase name="testEMAPredictionEndpoint" classname="com.stockpredictor.controller.PredictionControllerIntegrationTest" time="0.042"/>
  <testcase name="testActuatorHealth" classname="com.stockpredictor.controller.PredictionControllerIntegrationTest" time="0.054"/>
  <testcase name="testEMAForUnknownTickerReturns400" classname="com.stockpredictor.controller.PredictionControllerIntegrationTest" time="0.023">
    <system-out><![CDATA[2026-04-20T19:44:35.737+01:00  WARN 22244 --- [stock-predictor] [           main] c.s.config.GlobalExceptionHandler        : Business rule violation: Insufficient data for ticker 'UNKNOWN'. Required: 14, Found: 0
]]></system-out>
  </testcase>
  <testcase name="testCreateStockPrice" classname="com.stockpredictor.controller.PredictionControllerIntegrationTest" time="0.104">
    <system-out><![CDATA[2026-04-20T19:44:35.835+01:00  INFO 22244 --- [stock-predictor] [           main] c.s.service.StockPriceService            : Saving stock price for TSLA on 2024-01-15
]]></system-out>
  </testcase>
  <testcase name="testCreateStockPriceValidationFailure" classname="com.stockpredictor.controller.PredictionControllerIntegrationTest" time="0.03"/>
  <testcase name="testGetAllTickers" classname="com.stockpredictor.controller.PredictionControllerIntegrationTest" time="0.03"/>
  <testcase name="testRegressionPredictionEndpoint" classname="com.stockpredictor.controller.PredictionControllerIntegrationTest" time="0.017"/>
</testsuite>