<?xml version="1.0" encoding="UTF-8"?>
<testsuite xmlns:xsi="http://www.w3.org/2001/XMLSchema-instance" xsi:noNamespaceSchemaLocation="https://maven.apache.org/surefire/maven-surefire-plugin/xsd/surefire-test-report.xsd" version="3.0.2" name="com.stockpredictor.service.PredictionServiceTest" time="1.007" tests="13" errors="0" skipped="0" failures="0">
  <properties>
[...]
</properties>
  <testcase name="testStdDevIsPositive" classname="com.stockpredictor.service.PredictionServiceTest" time="0.83"/>
  <testcase name="testEMAPredictionReturnsTicker" classname="com.stockpredictor.service.PredictionServiceTest" time="0.068"/>
  <testcase name="testLinearRegressionPrediction" classname="com.stockpredictor.service.PredictionServiceTest" time="0.032"/>
  <testcase name="testMAPEIsNonNegative" classname="com.stockpredictor.service.PredictionServiceTest" time="0.009"/>
  <testcase name="testEMAForecastSize" classname="com.stockpredictor.service.PredictionServiceTest" time="0.007"/>
  <testcase name="testRMSEIsNonNegative" classname="com.stockpredictor.service.PredictionServiceTest" time="0.006"/>
  <testcase name="testEMAConfidenceInterval" classname="com.stockpredictor.service.PredictionServiceTest" time="0.006"/>
  <testcase name="testEMAListSize" classname="com.stockpredictor.service.PredictionServiceTest" time="0.004"/>
  <testcase name="testEMAThrowsOnInsufficientData" classname="com.stockpredictor.service.PredictionServiceTest" time="0.007"/>
  <testcase name="testPredictionDateIsToday" classname="com.stockpredictor.service.PredictionServiceTest" time="0.007"/>
  <testcase name="testSMAThrowsOnInsufficientData" classname="com.stockpredictor.service.PredictionServiceTest" time="0.005"/>
  <testcase name="testSMAPrediction" classname="com.stockpredictor.service.PredictionServiceTest" time="0.005"/>
  <testcase name="testSMAWithinRange" classname="com.stockpredictor.service.PredictionServiceTest" time="0.005"/>
</testsuite>